<?xml version="1.0" encoding="UTF-8"?>
<testsuite name="tracker.SampleTest" tests="1" skipped="0" failures="0" errors="0" timestamp="2025-08-24T17:26:53" hostname="DESKTOP-US93H51" time="0.008">
  <properties/>
  <testcase name="test()" classname="tracker.SampleTest" time="0.008"/>
  <system-out><![CDATA[]]></system-out>
  <system-err><![CDATA[]]></system-err>
</testsuite>
