<?xml version="1.0" encoding="UTF-8"?>
<testsuite name="tracker.UserInterfaceTest" tests="2" skipped="0" failures="0" errors="0" timestamp="2025-08-25T21:33:35" hostname="DESKTOP-US93H51" time="0.017">
  <properties/>
  <testcase name="testEmailUniquenessCheck()" classname="tracker.UserInterfaceTest" time="0.014"/>
  <testcase name="testGetStudentParsesInputCorrectly()" classname="tracker.UserInterfaceTest" time="0.001"/>
  <system-out><![CDATA[]]></system-out>
  <system-err><![CDATA[]]></system-err>
</testsuite>
